2026-03-09 01:36:28  INFO      __main__ — Config loaded from 'config.json'.
2026-03-09 01:36:28  INFO      local_db — Local SQLite DB initialised at 'orders.db'.
2026-03-09 01:36:28  INFO      __main__ — Connecting to MT5...
2026-03-09 01:36:32  INFO      mt5 — MT5 connected — account 52776073, balance 8477.53 USD, server ICMarketsSC-Demo
2026-03-09 01:36:32  INFO      __main__ — Connecting to Supabase...
2026-03-09 01:36:32  INFO      db — Supabase connection pool created.
2026-03-09 01:36:32  INFO      __main__ — MT5 account: 52776073
2026-03-09 01:36:33  INFO      license — License validated OK (MT5: 52776073, discord_id: 582358569542877184).
2026-03-09 01:36:33  INFO      license — License heartbeat started — revalidating every 900s (MT5: 52776073).
2026-03-09 01:36:33  INFO      sync — Running startup reconciliation...
2026-03-09 01:36:33  INFO      sync — No pending local mappings to reconcile.
2026-03-09 01:36:33  INFO      __main__ — Starting main loop (poll every 5s). Press Ctrl+C to stop.
2026-03-09 01:36:33  WARNING   db — fetch_bot_mode_status failed: permission denied for table bot_mode_status
2026-03-09 01:36:33  INFO      sync — ✅  News mode cleared.
2026-03-09 01:36:33  INFO      sync — ✅  Spread hour cleared.
2026-03-09 01:36:38  WARNING   db — fetch_bot_mode_status failed: permission denied for table bot_mode_status
2026-03-09 01:36:44  WARNING   db — fetch_bot_mode_status failed: permission denied for table bot_mode_status
2026-03-09 01:36:50  WARNING   db — fetch_bot_mode_status failed: permission denied for table bot_mode_status
2026-03-09 01:36:55  WARNING   db — fetch_bot_mode_status failed: permission denied for table bot_mode_status
2026-03-09 01:37:01  WARNING   db — fetch_bot_mode_status failed: permission denied for table bot_mode_status
2026-03-09 01:37:06  WARNING   db — fetch_bot_mode_status failed: permission denied for table bot_mode_status
2026-03-09 01:37:12  WARNING   db — fetch_bot_mode_status failed: permission denied for table bot_mode_status
2026-03-09 01:37:18  WARNING   db — fetch_bot_mode_status failed: permission denied for table bot_mode_status
2026-03-09 01:37:23  WARNING   db — fetch_bot_mode_status failed: permission denied for table bot_mode_status
2026-03-09 01:37:29  WARNING   db — fetch_bot_mode_status failed: permission denied for table bot_mode_status
2026-03-09 01:37:34  WARNING   db — fetch_bot_mode_status failed: permission denied for table bot_mode_status
2026-03-09 01:37:40  WARNING   db — fetch_bot_mode_status failed: permission denied for table bot_mode_status
2026-03-09 01:37:46  WARNING   db — fetch_bot_mode_status failed: permission denied for table bot_mode_status
2026-03-09 01:37:52  WARNING   db — fetch_bot_mode_status failed: permission denied for table bot_mode_status
2026-03-09 01:37:57  WARNING   db — fetch_bot_mode_status failed: permission denied for table bot_mode_status
2026-03-09 01:37:58  INFO      __main__ — Received signal 2 — initiating graceful shutdown.
2026-03-09 01:37:58  INFO      __main__ — Shutting down...
2026-03-09 01:37:58  INFO      db — Supabase connection pool closed.
2026-03-09 01:37:58  INFO      mt5 — MT5 disconnected.
2026-03-09 01:37:58  INFO      __main__ — Shutdown complete.
